Time resolution is 1 ps
                   0 clk = 0, data_in = 1010011011110110, detected = 0
                  10 clk = 1, data_in = 1010011011110110, detected = 0
                  20 clk = 0, data_in = 1010011011110110, detected = 0
                  30 clk = 1, data_in = 1010011011110110, detected = 0
                  40 clk = 0, data_in = 1010011011110110, detected = 0
                  50 clk = 1, data_in = 1010011011110110, detected = 0
                  60 clk = 0, data_in = 1010011011110110, detected = 0
                  70 clk = 1, data_in = 1010011011110110, detected = 1
                  80 clk = 0, data_in = 1010011011110110, detected = 1
                  90 clk = 1, data_in = 1010011011110110, detected = 0
                 100 clk = 0, data_in = 1010011011110110, detected = 0
                 110 clk = 1, data_in = 1010011011110110, detected = 0
                 120 clk = 0, data_in = 1010011011110110, detected = 0
                 130 clk = 1, data_in = 1010011011110110, detected = 0
                 140 clk = 0, data_in = 1010011011110110, detected = 0
                 150 clk = 1, data_in = 1010011011110110, detected = 0
                 160 clk = 0, data_in = 1010011011110110, detected = 0
                 170 clk = 1, data_in = 1010011011110110, detected = 0
                 180 clk = 0, data_in = 1010011011110110, detected = 0
                 190 clk = 1, data_in = 1010011011110110, detected = 0
                 200 clk = 0, data_in = 1010011011110110, detected = 0
                 210 clk = 1, data_in = 1010011011110110, detected = 0
                 220 clk = 0, data_in = 1010011011110110, detected = 0
                 230 clk = 1, data_in = 1010011011110110, detected = 1
                 240 clk = 0, data_in = 1010011011110110, detected = 1
                 250 clk = 1, data_in = 1010011011110110, detected = 0
                 260 clk = 0, data_in = 1010011011110110, detected = 0
                 270 clk = 1, data_in = 1010011011110110, detected = 0
                 280 clk = 0, data_in = 1010011011110110, detected = 0
                 290 clk = 1, data_in = 1010011011110110, detected = 0
                 300 clk = 0, data_in = 1010011011110110, detected = 0
                 310 clk = 1, data_in = 1010011011110110, detected = 0
                 320 clk = 0, data_in = 1010011011110110, detected = 0
                 330 clk = 1, data_in = 1010011011110110, detected = 0
                 340 clk = 0, data_in = 1010011011110110, detected = 0
                 350 clk = 1, data_in = 1010011011110110, detected = 0
                 360 clk = 0, data_in = 1010011011110110, detected = 0
                 370 clk = 1, data_in = 1010011011110110, detected = 0
                 380 clk = 0, data_in = 1010011011110110, detected = 0
                 390 clk = 1, data_in = 1010011011110110, detected = 0
                 400 clk = 0, data_in = 1010011011110110, detected = 0
                 410 clk = 1, data_in = 1010011011110110, detected = 0
                 420 clk = 0, data_in = 1010011011110110, detected = 0
                 430 clk = 1, data_in = 1010011011110110, detected = 0
                 440 clk = 0, data_in = 1010011011110110, detected = 0
                 450 clk = 1, data_in = 1010011011110110, detected = 0
                 460 clk = 0, data_in = 1010011011110110, detected = 0
                 470 clk = 1, data_in = 1010011011110110, detected = 0
                 480 clk = 0, data_in = 1010011011110110, detected = 0
                 490 clk = 1, data_in = 1010011011110110, detected = 0
                 500 clk = 0, data_in = 1010011011110110, detected = 0
                 510 clk = 1, data_in = 1010011011110110, detected = 0
                 520 clk = 0, data_in = 1010011011110110, detected = 0
                 530 clk = 1, data_in = 1010011011110110, detected = 0
                 540 clk = 0, data_in = 1010011011110110, detected = 0
                 550 clk = 1, data_in = 1010011011110110, detected = 0
                 560 clk = 0, data_in = 1010011011110110, detected = 0
                 570 clk = 1, data_in = 1010011011110110, detected = 0
                 580 clk = 0, data_in = 1010011011110110, detected = 0
                 590 clk = 1, data_in = 1010011011110110, detected = 0
                 600 clk = 0, data_in = 1010011011110110, detected = 0
                 610 clk = 1, data_in = 1010011011110110, detected = 0
                 620 clk = 0, data_in = 1010011011110110, detected = 0
                 630 clk = 1, data_in = 1010011011110110, detected = 0
                 640 clk = 0, data_in = 1010011011110110, detected = 0
                 650 clk = 1, data_in = 1010011011110110, detected = 0
                 660 clk = 0, data_in = 1010011011110110, detected = 0
                 670 clk = 1, data_in = 1010011011110110, detected = 0
                 680 clk = 0, data_in = 1010011011110110, detected = 0
                 690 clk = 1, data_in = 1010011011110110, detected = 0
                 700 clk = 0, data_in = 1010011011110110, detected = 0
                 710 clk = 1, data_in = 1010011011110110, detected = 0
                 720 clk = 0, data_in = 1010011011110110, detected = 0
                 730 clk = 1, data_in = 1010011011110110, detected = 0
                 740 clk = 0, data_in = 1010011011110110, detected = 0
                 750 clk = 1, data_in = 1010011011110110, detected = 0
                 760 clk = 0, data_in = 1010011011110110, detected = 0
                 770 clk = 1, data_in = 1010011011110110, detected = 0
                 780 clk = 0, data_in = 1010011011110110, detected = 0
                 790 clk = 1, data_in = 1010011011110110, detected = 0
                 800 clk = 0, data_in = 1010011011110110, detected = 0
                 810 clk = 1, data_in = 1010011011110110, detected = 0
                 820 clk = 0, data_in = 1010011011110110, detected = 0
                 830 clk = 1, data_in = 1010011011110110, detected = 0
                 840 clk = 0, data_in = 1010011011110110, detected = 0
                 850 clk = 1, data_in = 1010011011110110, detected = 0
                 860 clk = 0, data_in = 1010011011110110, detected = 0
                 870 clk = 1, data_in = 1010011011110110, detected = 0
                 880 clk = 0, data_in = 1010011011110110, detected = 0
                 890 clk = 1, data_in = 1010011011110110, detected = 0
                 900 clk = 0, data_in = 1010011011110110, detected = 0
                 910 clk = 1, data_in = 1010011011110110, detected = 0
                 920 clk = 0, data_in = 1010011011110110, detected = 0
                 930 clk = 1, data_in = 1010011011110110, detected = 0
                 940 clk = 0, data_in = 1010011011110110, detected = 0
                 950 clk = 1, data_in = 1010011011110110, detected = 0
                 960 clk = 0, data_in = 1010011011110110, detected = 0
                 970 clk = 1, data_in = 1010011011110110, detected = 0
                 980 clk = 0, data_in = 1010011011110110, detected = 0
                 990 clk = 1, data_in = 1010011011110110, detected = 0
                1000 clk = 0, data_in = 1010011011110110, detected = 0
